<?xml version="1.0" encoding="UTF-8"?>
<testsuite name="FibonacciSequenceGeneratorTest" tests="4" skipped="0" failures="0" errors="0" timestamp="2019-09-15T11:45:35" hostname="EUC-9054578" time="0.003">
  <properties/>
  <testcase name="testExpectedIllegalArgumentException" classname="FibonacciSequenceGeneratorTest" time="0.0"/>
  <testcase name="testPositiveScenarios" classname="FibonacciSequenceGeneratorTest" time="0.001"/>
  <testcase name="testBoundaryConditionAtStart" classname="FibonacciSequenceGeneratorTest" time="0.0"/>
  <testcase name="testBoundaryConditionAtEnd" classname="FibonacciSequenceGeneratorTest" time="0.002"/>
  <system-out><![CDATA[]]></system-out>
  <system-err><![CDATA[]]></system-err>
</testsuite>
